{
  "RSpec": {
    "coverage": {
      "/Users/Nicole/Desktop/Evan/week4/cont_testing_home/config/environment.rb": [
        null,
        1,
        null,
        null,
        1
      ],
      "/Users/Nicole/Desktop/Evan/week4/cont_testing_home/config/application.rb": [
        1,
        null,
        1,
        null,
        1,
        1,
        1,
        1,
        1,
        1,
        1,
        1,
        null,
        null,
        null,
        null,
        1,
        null,
        1,
        1,
        null,
        1,
        null,
        null,
        null,
        null,
        null,
        null,
        1,
        null,
        null
      ],
      "/Users/Nicole/Desktop/Evan/week4/cont_testing_home/config/boot.rb": [
        1,
        null,
        1
      ],
      "/Users/Nicole/Desktop/Evan/week4/cont_testing_home/config/environments/test.rb": [
        1,
        null,
        null,
        null,
        null,
        null,
        null,
        1,
        null,
        null,
        null,
        null,
        1,
        null,
        null,
        1,
        1,
        null,
        null,
        null,
        null,
        1,
        1,
        null,
        null,
        1,
        null,
        null,
        1,
        1,
        null,
        null,
        null,
        null,
        1,
        null,
        null,
        1,
        null,
        null,
        null,
        null
      ],
      "/Users/Nicole/Desktop/Evan/week4/cont_testing_home/config/initializers/application_controller_renderer.rb": [
        null,
        null,
        null,
        null,
        null,
        null,
        null,
        null
      ],
      "/Users/Nicole/Desktop/Evan/week4/cont_testing_home/config/initializers/assets.rb": [
        null,
        null,
        null,
        1,
        null,
        null,
        null,
        null,
        1,
        null,
        null,
        null,
        null,
        null
      ],
      "/Users/Nicole/Desktop/Evan/week4/cont_testing_home/config/initializers/backtrace_silencers.rb": [
        null,
        null,
        null,
        null,
        null,
        null,
        null
      ],
      "/Users/Nicole/Desktop/Evan/week4/cont_testing_home/config/initializers/cookies_serializer.rb": [
        null,
        null,
        null,
        null,
        1
      ],
      "/Users/Nicole/Desktop/Evan/week4/cont_testing_home/config/initializers/filter_parameter_logging.rb": [
        null,
        null,
        null,
        1
      ],
      "/Users/Nicole/Desktop/Evan/week4/cont_testing_home/config/initializers/inflections.rb": [
        null,
        null,
        null,
        null,
        null,
        null,
        null,
        null,
        null,
        null,
        null,
        null,
        null,
        null,
        null,
        null
      ],
      "/Users/Nicole/Desktop/Evan/week4/cont_testing_home/config/initializers/mime_types.rb": [
        null,
        null,
        null,
        null
      ],
      "/Users/Nicole/Desktop/Evan/week4/cont_testing_home/config/initializers/wrap_parameters.rb": [
        null,
        null,
        null,
        null,
        null,
        null,
        1,
        2,
        null,
        null,
        null,
        null,
        null,
        null
      ],
      "/Users/Nicole/Desktop/Evan/week4/cont_testing_home/config/routes.rb": [
        1,
        1,
        null,
        null
      ],
      "/Users/Nicole/Desktop/Evan/week4/cont_testing_home/app/helpers/application_helper.rb": [
        1,
        null
      ],
      "/Users/Nicole/Desktop/Evan/week4/cont_testing_home/app/helpers/people_helper.rb": [
        1,
        null
      ],
      "/Users/Nicole/Desktop/Evan/week4/cont_testing_home/app/controllers/people_controller.rb": [
        1,
        1,
        null,
        null,
        null,
        1,
        1,
        null,
        null,
        null,
        null,
        1,
        null,
        null,
        null,
        1,
        1,
        null,
        null,
        null,
        1,
        null,
        null,
        null,
        null,
        1,
        3,
        null,
        3,
        3,
        4,
        2,
        null,
        2,
        1,
        null,
        null,
        null,
        null,
        null,
        null,
        1,
        3,
        3,
        4,
        2,
        null,
        2,
        1,
        null,
        null,
        null,
        null,
        null,
        null,
        1,
        2,
        2,
        4,
        2,
        null,
        null,
        null,
        1,
        null,
        1,
        7,
        null,
        null,
        null,
        1,
        6,
        null,
        null
      ],
      "/Users/Nicole/Desktop/Evan/week4/cont_testing_home/app/controllers/application_controller.rb": [
        1,
        1,
        null
      ],
      "/Users/Nicole/Desktop/Evan/week4/cont_testing_home/app/models/person.rb": [
        1,
        1,
        null
      ],
      "/Users/Nicole/Desktop/Evan/week4/cont_testing_home/app/models/application_record.rb": [
        1,
        1,
        null
      ]
    },
    "timestamp": 1505253922
  }
}
